This is pdfTeX, Version 3.14159265-2.6-1.40.20 (TeX Live 2019) (preloaded format=pdflatex 2019.5.24)  10 SEP 2019 18:16
entering extended mode
 restricted \write18 enabled.
 file:line:error style messages enabled.
 %&-line parsing enabled.
**iau.cls
(./iau.cls
LaTeX2e <2018-12-01>

LaTeX Warning: You have requested package `',
               but the package provides `iau'.

Package: iau 2004/05/17 v1.04 Proceedings IAU Symposium document class

./iau.cls:48: LaTeX Error: Missing \begin{document}.

See the LaTeX manual or LaTeX Companion for explanation.
Type  H <return>  for immediate help.
 ...                                              
                                                  
l.48 \newif\if@
               referee
? 
Missing character: There is no @ in font nullfont!
Missing character: There is no r in font nullfont!
Missing character: There is no e in font nullfont!
Missing character: There is no f in font nullfont!
Missing character: There is no e in font nullfont!
Missing character: There is no r in font nullfont!
Missing character: There is no e in font nullfont!
Missing character: There is no e in font nullfont!

Overfull \hbox (20.0pt too wide) in paragraph at lines 48--50
[] 
 []

./iau.cls:64: You can't use `\spacefactor' in vertical mode.
\@->\spacefactor 
                 \@m {}
l.64 \ExecuteOptions{twoside,final,onecolumn}
                                             
? 
./iau.cls:64: Missing $ inserted.
<inserted text> 
                $
l.64 \ExecuteOptions{twoside,final,onecolumn}
                                             
? 

./iau.cls:64: LaTeX Error: Missing \begin{document}.

See the LaTeX manual or LaTeX Companion for explanation.
Type  H <return>  for immediate help.
 ...                                              
                                                  
l.64 \ExecuteOptions{twoside,final,onecolumn}
                                             
? 
Runaway argument?
@nnil ifx external@font @empty @latex@error {Font expandafter string ETC.
./iau.cls:66: Paragraph ended before reserved@f was complete.
<to be read again> 
                   par 
l.66 
     
? 
./iau.cls:66: Missing $ inserted.
<inserted text> 
                $
l.66 
     
? 
./iau.cls:66: Missing endgroup inserted.
<inserted text> 
                endgroup 
l.66 
     
? 
./iau.cls:66: Missing endgroup inserted.
<inserted text> 
                endgroup 
l.66 
     
? 
./iau.cls:66: Math formula deleted: Insufficient symbol fonts.
<recently read> $
                 
l.66 
     
? 

Overfull \hbox (20.0pt too wide) in paragraph at lines 64--66
[]$$ 
 []

./iau.cls:69: Undefined control sequence.
<argument> 1\p 
               @
l.69 \setlength\lineskip{1\p@}
                              
? 
./iau.cls:69: Illegal unit of measure (pt inserted).
<to be read again> 
                   @
l.69 \setlength\lineskip{1\p@}
                              
? 

./iau.cls:69: LaTeX Error: Missing \begin{document}.

See the LaTeX manual or LaTeX Companion for explanation.
Type  H <return>  for immediate help.
 ...                                              
                                                  
l.69 \setlength\lineskip{1\p@}
                              
? 
Missing character: There is no @ in font nullfont!
./iau.cls:70: Undefined control sequence.
<argument> 1\p 
               @
l.70 \setlength\normallineskip{1\p@}
                                    
? 
./iau.cls:70: Illegal unit of measure (pt inserted).
<to be read again> 
                   @
l.70 \setlength\normallineskip{1\p@}
                                    
? 
Missing character: There is no @ in font nullfont!

Overfull \hbox (20.0pt too wide) in paragraph at lines 69--72
[]
 []

./iau.cls:83: You can't use `\spacefactor' in vertical mode.
\@->\spacefactor 
                 \@m {}
l.83 \normalsize
                
? 
./iau.cls:83: Missing $ inserted.
<inserted text> 
                $
l.83 \normalsize
                
? 

./iau.cls:83: LaTeX Error: Missing \begin{document}.

See the LaTeX manual or LaTeX Companion for explanation.
Type  H <return>  for immediate help.
 ...                                              
                                                  
l.83 \normalsize
                
? 
Runaway argument?
@nnil ifx external@font @empty @latex@error {Font expandafter string ETC.
./iau.cls:84: Paragraph ended before reserved@f was complete.
<to be read again> 
                   par 
l.84 
     
? 
./iau.cls:84: Missing $ inserted.
<inserted text> 
                $
l.84 
     
? 
./iau.cls:84: Missing endgroup inserted.
<inserted text> 
                endgroup 
l.84 
     
? 
./iau.cls:84: Missing endgroup inserted.
<inserted text> 
                endgroup 
l.84 
     
? 
./iau.cls:84: Math formula deleted: Insufficient symbol fonts.
<recently read> $
                 
l.84 
     
? 

Overfull \hbox (20.0pt too wide) in paragraph at lines 83--84
[]$$ 
 []

./iau.cls:173: Improper alphabetic constant.
<to be read again> 
                   \varGamma 
l.173 ...Symbol{\varGamma}{\mathord}{letters}{"00}
                                                  
? 
./iau.cls:173: Undefined control sequence.
<recently read> \varGamma 
                          
l.173 ...Symbol{\varGamma}{\mathord}{letters}{"00}
                                                  
? 
./iau.cls:174: Improper alphabetic constant.
<to be read again> 
                   \varDelta 
l.174 ...Symbol{\varDelta}{\mathord}{letters}{"01}
                                                  
? 
./iau.cls:174: Undefined control sequence.
<recently read> \varDelta 
                          
l.174 ...Symbol{\varDelta}{\mathord}{letters}{"01}
                                                  
? 
./iau.cls:175: Improper alphabetic constant.
<to be read again> 
                   \varTheta 
l.175 ...Symbol{\varTheta}{\mathord}{letters}{"02}
                                                  
? 
./iau.cls:175: Undefined control sequence.
<recently read> \varTheta 
                          
l.175 ...Symbol{\varTheta}{\mathord}{letters}{"02}
                                                  
? 
./iau.cls:176: Improper alphabetic constant.
<to be read again> 
                   \varLambda 
l.176 ...ymbol{\varLambda}{\mathord}{letters}{"03}
                                                  
? 
./iau.cls:176: Undefined control sequence.
<recently read> \varLambda 
                           
l.176 ...ymbol{\varLambda}{\mathord}{letters}{"03}
                                                  
? 
./iau.cls:177: Improper alphabetic constant.
<to be read again> 
                   \varXi 
l.177 ...athSymbol{\varXi}{\mathord}{letters}{"04}
                                                  
? 
./iau.cls:177: Undefined control sequence.
<recently read> \varXi 
                       
l.177 ...athSymbol{\varXi}{\mathord}{letters}{"04}
                                                  
? 
./iau.cls:178: Improper alphabetic constant.
<to be read again> 
                   \varPi 
l.178 ...athSymbol{\varPi}{\mathord}{letters}{"05}
                                                  
? 
./iau.cls:178: Undefined control sequence.
<recently read> \varPi 
                       
l.178 ...athSymbol{\varPi}{\mathord}{letters}{"05}
                                                  
? 
./iau.cls:179: Improper alphabetic constant.
<to be read again> 
                   \varSigma 
l.179 ...Symbol{\varSigma}{\mathord}{letters}{"06}
                                                  
? 
./iau.cls:179: Undefined control sequence.
<recently read> \varSigma 
                          
l.179 ...Symbol{\varSigma}{\mathord}{letters}{"06}
                                                  
? 
./iau.cls:180: Improper alphabetic constant.
<to be read again> 
                   \varUpsilon 
l.180 ...mbol{\varUpsilon}{\mathord}{letters}{"07}
                                                  
? 
./iau.cls:180: Undefined control sequence.
<recently read> \varUpsilon 
                            
l.180 ...mbol{\varUpsilon}{\mathord}{letters}{"07}
                                                  
? 
./iau.cls:181: Improper alphabetic constant.
<to be read again> 
                   \varPhi 
l.181 ...thSymbol{\varPhi}{\mathord}{letters}{"08}
                                                  
? 
./iau.cls:181: Undefined control sequence.
<recently read> \varPhi 
                        
l.181 ...thSymbol{\varPhi}{\mathord}{letters}{"08}
                                                  
? 
./iau.cls:182: Improper alphabetic constant.
<to be read again> 
                   \varPsi 
l.182 ...thSymbol{\varPsi}{\mathord}{letters}{"09}
                                                  
? 
./iau.cls:182: Undefined control sequence.
<recently read> \varPsi 
                        
l.182 ...thSymbol{\varPsi}{\mathord}{letters}{"09}
                                                  
? 
./iau.cls:183: Improper alphabetic constant.
<to be read again> 
                   \varOmega 
l.183 ...Symbol{\varOmega}{\mathord}{letters}{"0A}
                                                  
? 
./iau.cls:183: Undefined control sequence.
<recently read> \varOmega 
                          
l.183 ...Symbol{\varOmega}{\mathord}{letters}{"0A}
                                                  
? 
./iau.cls:188: Undefined control sequence.
<argument> 10\p 
                @
l.188 \setlength\marginparsep{10\p@}
                                    
? 
./iau.cls:188: Illegal unit of measure (pt inserted).
<to be read again> 
                   @
l.188 \setlength\marginparsep{10\p@}
                                    
? 

./iau.cls:188: LaTeX Error: Missing \begin{document}.

See the LaTeX manual or LaTeX Companion for explanation.
Type  H <return>  for immediate help.
 ...                                              
                                                  
l.188 \setlength\marginparsep{10\p@}
                                    
? 
Missing character: There is no @ in font nullfont!

Overfull \hbox (20.0pt too wide) in paragraph at lines 188--189
[] 
 []

./iau.cls:191: Undefined control sequence.
<argument> 7.5\p 
                 @
l.191 \setlength\headheight{7.5\p@}
                                   
? 
./iau.cls:191: Illegal unit of measure (pt inserted).
<to be read again> 
                   @
l.191 \setlength\headheight{7.5\p@}
                                   
? 

./iau.cls:191: LaTeX Error: Missing \begin{document}.

See the LaTeX manual or LaTeX Companion for explanation.
Type  H <return>  for immediate help.
 ...                                              
                                                  
l.191 \setlength\headheight{7.5\p@}
                                   
? 
Missing character: There is no @ in font nullfont!
./iau.cls:192: Undefined control sequence.
<argument> 10.5\p 
                  @
l.192 \setlength\headsep{10.5\p@}
                                 
? 
./iau.cls:192: Illegal unit of measure (pt inserted).
<to be read again> 
                   @
l.192 \setlength\headsep{10.5\p@}
                                 
? 
Missing character: There is no @ in font nullfont!
./iau.cls:193: Undefined control sequence.
<argument> 7.5\p 
                 @
l.193 \setlength\topskip{7.5\p@}
                                
? 
./iau.cls:193: Illegal unit of measure (pt inserted).
<to be read again> 
                   @
l.193 \setlength\topskip{7.5\p@}
                                
? 
Missing character: There is no @ in font nullfont!

Overfull \hbox (20.0pt too wide) in paragraph at lines 191--195
[]
 []

\halflineskip=\skip41
./iau.cls:197: Undefined control sequence.
<argument> 6\p 
               @ \@plus .5\p @ \@minus .5\p @
l.197 ...lineskip{6\p@ \@plus .5\p@ \@minus .5\p@}
                                                  
? 
./iau.cls:197: Illegal unit of measure (pt inserted).
<to be read again> 
                   @
l.197 ...lineskip{6\p@ \@plus .5\p@ \@minus .5\p@}
                                                  
? 

./iau.cls:197: LaTeX Error: Missing \begin{document}.

See the LaTeX manual or LaTeX Companion for explanation.
Type  H <return>  for immediate help.
 ...                                              
                                                  
l.197 ...lineskip{6\p@ \@plus .5\p@ \@minus .5\p@}
                                                  
? 
Missing character: There is no @ in font nullfont!
Missing character: There is no p in font nullfont!
Missing character: There is no l in font nullfont!
Missing character: There is no u in font nullfont!
Missing character: There is no s in font nullfont!
Missing character: There is no . in font nullfont!
Missing character: There is no 5 in font nullfont!
./iau.cls:197: Undefined control sequence.
<argument> 6\p @ \@plus .5\p 
                             @ \@minus .5\p @
l.197 ...lineskip{6\p@ \@plus .5\p@ \@minus .5\p@}
                                                  
? 
Missing character: There is no @ in font nullfont!
Missing character: There is no m in font nullfont!
Missing character: There is no i in font nullfont!
Missing character: There is no n in font nullfont!
Missing character: There is no u in font nullfont!
Missing character: There is no s in font nullfont!
Missing character: There is no . in font nullfont!
Missing character: There is no 5 in font nullfont!
./iau.cls:197: Undefined control sequence.
<argument> 6\p @ \@plus .5\p @ \@minus .5\p 
                                            @
l.197 ...lineskip{6\p@ \@plus .5\p@ \@minus .5\p@}
                                                  
? 
Missing character: There is no @ in font nullfont!
\affilskip=\skip42
./iau.cls:199: Undefined control sequence.
<argument> 3\p 
               @
l.199 \setlength\affilskip{3\p@}
                                
? 
./iau.cls:199: Illegal unit of measure (pt inserted).
<to be read again> 
                   @
l.199 \setlength\affilskip{3\p@}
                                
? 
Missing character: There is no @ in font nullfont!

Overfull \hbox (20.0pt too wide) in paragraph at lines 197--200
[]
 []

./iau.cls:204: Undefined control sequence.
<argument> 10\p 
                @
l.204 \setlength\columnsep{10\p@}
                                 
? 
./iau.cls:204: Illegal unit of measure (pt inserted).
<to be read again> 
                   @
l.204 \setlength\columnsep{10\p@}
                                 
? 

./iau.cls:204: LaTeX Error: Missing \begin{document}.

See the LaTeX manual or LaTeX Companion for explanation.
Type  H <return>  for immediate help.
 ...                                              
                                                  
l.204 \setlength\columnsep{10\p@}
                                 
? 
Missing character: There is no @ in font nullfont!
./iau.cls:205: Undefined control sequence.
<argument> \z 
              @
l.205 \setlength\columnseprule{\z@}
                                   
? 
./iau.cls:205: Missing number, treated as zero.
<to be read again> 
                   @
l.205 \setlength\columnseprule{\z@}
                                   
? 
./iau.cls:205: Illegal unit of measure (pt inserted).
<to be read again> 
                   @
l.205 \setlength\columnseprule{\z@}
                                   
? 
Missing character: There is no @ in font nullfont!

Overfull \hbox (20.0pt too wide) in paragraph at lines 204--206
[]
 []

./iau.cls:207: Undefined control sequence.
<argument> \z 
              @
l.207 \setlength\footnotesep{\z@}
                                 
? 
./iau.cls:207: Missing number, treated as zero.
<to be read again> 
                   @
l.207 \setlength\footnotesep{\z@}
                                 
? 
./iau.cls:207: Illegal unit of measure (pt inserted).
<to be read again> 
                   @
l.207 \setlength\footnotesep{\z@}
                                 
? 

./iau.cls:207: LaTeX Error: Missing \begin{document}.

See the LaTeX manual or LaTeX Companion for explanation.
Type  H <return>  for immediate help.
 ...                                              
                                                  
l.207 \setlength\footnotesep{\z@}
                                 
? 
Missing character: There is no @ in font nullfont!
./iau.cls:208: Undefined control sequence.
<argument> 9\p 
               @ \@plus 3\p @
l.208 \setlength{\skip\footins}{9\p@ \@plus 3\p@}
                                                 
? 
./iau.cls:208: Illegal unit of measure (pt inserted).
<to be read again> 
                   @
l.208 \setlength{\skip\footins}{9\p@ \@plus 3\p@}
                                                 
? 
Missing character: There is no @ in font nullfont!
Missing character: There is no p in font nullfont!
Missing character: There is no l in font nullfont!
Missing character: There is no u in font nullfont!
Missing character: There is no s in font nullfont!
Missing character: There is no 3 in font nullfont!
./iau.cls:208: Undefined control sequence.
<argument> 9\p @ \@plus 3\p 
                            @
l.208 \setlength{\skip\footins}{9\p@ \@plus 3\p@}
                                                 
? 
Missing character: There is no @ in font nullfont!

Overfull \hbox (20.0pt too wide) in paragraph at lines 207--209
[]
 []

./iau.cls:210: Undefined control sequence.
<argument> 10\p 
                @ \@plus 2\p @ \@minus 1\p @
l.210 ...\floatsep{10\p@ \@plus 2\p@ \@minus 1\p@}
                                                  
? 
./iau.cls:210: Illegal unit of measure (pt inserted).
<to be read again> 
                   @
l.210 ...\floatsep{10\p@ \@plus 2\p@ \@minus 1\p@}
                                                  
? 

./iau.cls:210: LaTeX Error: Missing \begin{document}.

See the LaTeX manual or LaTeX Companion for explanation.
Type  H <return>  for immediate help.
 ...                                              
                                                  
l.210 ...\floatsep{10\p@ \@plus 2\p@ \@minus 1\p@}
                                                  
? 
Missing character: There is no @ in font nullfont!
Missing character: There is no p in font nullfont!
Missing character: There is no l in font nullfont!
Missing character: There is no u in font nullfont!
Missing character: There is no s in font nullfont!
Missing character: There is no 2 in font nullfont!
./iau.cls:210: Undefined control sequence.
<argument> 10\p @ \@plus 2\p 
                             @ \@minus 1\p @
l.210 ...\floatsep{10\p@ \@plus 2\p@ \@minus 1\p@}
                                                  
? 
Missing character: There is no @ in font nullfont!
Missing character: There is no m in font nullfont!
Missing character: There is no i in font nullfont!
Missing character: There is no n in font nullfont!
Missing character: There is no u in font nullfont!
Missing character: There is no s in font nullfont!
Missing character: There is no 1 in font nullfont!
./iau.cls:210: Undefined control sequence.
<argument> 10\p @ \@plus 2\p @ \@minus 1\p 
                                           @
l.210 ...\floatsep{10\p@ \@plus 2\p@ \@minus 1\p@}
                                                  
? 
Missing character: There is no @ in font nullfont!
./iau.cls:211: Undefined control sequence.
<argument> 12\p 
                @ \@plus 6\p @
l.211 \setlength\textfloatsep{12\p@ \@plus 6\p@}
                                                
? 
./iau.cls:211: Illegal unit of measure (pt inserted).
<to be read again> 
                   @
l.211 \setlength\textfloatsep{12\p@ \@plus 6\p@}
                                                
? 
Missing character: There is no @ in font nullfont!
Missing character: There is no p in font nullfont!
Missing character: There is no l in font nullfont!
Missing character: There is no u in font nullfont!
Missing character: There is no s in font nullfont!
Missing character: There is no 6 in font nullfont!
./iau.cls:211: Undefined control sequence.
<argument> 12\p @ \@plus 6\p 
                             @
l.211 \setlength\textfloatsep{12\p@ \@plus 6\p@}
                                                
? 
Missing character: There is no @ in font nullfont!
Missing character: There is no f in font nullfont!
Missing character: There is no p in font nullfont!
Missing character: There is no t in font nullfont!
Missing character: There is no o in font nullfont!
Missing character: There is no p in font nullfont!
./iau.cls:215: Undefined control sequence.
l.215 \setlength\@fptop{\z
                          @ \@plus 0fil}
? 
Missing character: There is no @ in font nullfont!
Missing character: There is no p in font nullfont!
Missing character: There is no l in font nullfont!
Missing character: There is no u in font nullfont!
Missing character: There is no s in font nullfont!
Missing character: There is no 0 in font nullfont!
Missing character: There is no f in font nullfont!
Missing character: There is no i in font nullfont!
Missing character: There is no l in font nullfont!
Missing character: There is no f in font nullfont!
Missing character: There is no p in font nullfont!
Missing character: There is no s in font nullfont!
Missing character: There is no e in font nullfont!
Missing character: There is no p in font nullfont!
Missing character: There is no 1 in font nullfont!
Missing character: There is no 0 in font nullfont!
./iau.cls:216: Undefined control sequence.
l.216 \setlength\@fpsep{10\p
                            @ \@plus 0fil}
? 
Missing character: There is no @ in font nullfont!
Missing character: There is no p in font nullfont!
Missing character: There is no l in font nullfont!
Missing character: There is no u in font nullfont!
Missing character: There is no s in font nullfont!
Missing character: There is no 0 in font nullfont!
Missing character: There is no f in font nullfont!
Missing character: There is no i in font nullfont!
Missing character: There is no l in font nullfont!
Missing character: There is no f in font nullfont!
Missing character: There is no p in font nullfont!
Missing character: There is no b in font nullfont!
Missing character: There is no o in font nullfont!
Missing character: There is no t in font nullfont!
./iau.cls:217: Undefined control sequence.
l.217 \setlength\@fpbot{\z
                          @ \@plus 3fil}
? 
Missing character: There is no @ in font nullfont!
Missing character: There is no p in font nullfont!
Missing character: There is no l in font nullfont!
Missing character: There is no u in font nullfont!
Missing character: There is no s in font nullfont!
Missing character: There is no 3 in font nullfont!
Missing character: There is no f in font nullfont!
Missing character: There is no i in font nullfont!
Missing character: There is no l in font nullfont!
Missing character: There is no d in font nullfont!
Missing character: There is no b in font nullfont!
Missing character: There is no l in font nullfont!
Missing character: There is no f in font nullfont!
Missing character: There is no p in font nullfont!
Missing character: There is no t in font nullfont!
Missing character: There is no o in font nullfont!
Missing character: There is no p in font nullfont!
./iau.cls:218: Undefined control sequence.
l.218 \setlength\@dblfptop{\z
                             @ \@plus 0fil}
? 
Missing character: There is no @ in font nullfont!
Missing character: There is no p in font nullfont!
Missing character: There is no l in font nullfont!
Missing character: There is no u in font nullfont!
Missing character: There is no s in font nullfont!
Missing character: There is no 0 in font nullfont!
Missing character: There is no f in font nullfont!
Missing character: There is no i in font nullfont!
Missing character: There is no l in font nullfont!
Missing character: There is no d in font nullfont!
Missing character: There is no b in font nullfont!
Missing character: There is no l in font nullfont!
Missing character: There is no f in font nullfont!
Missing character: There is no p in font nullfont!
Missing character: There is no s in font nullfont!
Missing character: There is no e in font nullfont!
Missing character: There is no p in font nullfont!
Missing character: There is no 1 in font nullfont!
Missing character: There is no 0 in font nullfont!
./iau.cls:219: Undefined control sequence.
l.219 \setlength\@dblfpsep{10\p
                               @ \@plus 0fil}
? 
Missing character: There is no @ in font nullfont!
Missing character: There is no p in font nullfont!
Missing character: There is no l in font nullfont!
Missing character: There is no u in font nullfont!
Missing character: There is no s in font nullfont!
Missing character: There is no 0 in font nullfont!
Missing character: There is no f in font nullfont!
Missing character: There is no i in font nullfont!
Missing character: There is no l in font nullfont!
Missing character: There is no d in font nullfont!
Missing character: There is no b in font nullfont!
Missing character: There is no l in font nullfont!
Missing character: There is no f in font nullfont!
Missing character: There is no p in font nullfont!
Missing character: There is no b in font nullfont!
Missing character: There is no o in font nullfont!
Missing character: There is no t in font nullfont!
./iau.cls:220: Undefined control sequence.
l.220 \setlength\@dblfpbot{\z
                             @ \@plus 3fil}
? 
Missing character: There is no @ in font nullfont!
Missing character: There is no p in font nullfont!
Missing character: There is no l in font nullfont!
Missing character: There is no u in font nullfont!
Missing character: There is no s in font nullfont!
Missing character: There is no 3 in font nullfont!
Missing character: There is no f in font nullfont!
Missing character: There is no i in font nullfont!
Missing character: There is no l in font nullfont!
./iau.cls:221: Undefined control sequence.
<argument> 5\p 
               @
l.221 \setlength\marginparpush{5\p@}
                                    
? 
./iau.cls:221: Illegal unit of measure (pt inserted).
<to be read again> 
                   @
l.221 \setlength\marginparpush{5\p@}
                                    
? 
Missing character: There is no @ in font nullfont!

Overfull \hbox (20.0pt too wide) in paragraph at lines 210--222
[]
 []

./iau.cls:223: Undefined control sequence.
<argument> \z 
              @ \@plus .3\p @
l.223 \setlength\parskip{\z@ \@plus .3\p@}
                                          
? 
./iau.cls:223: Missing number, treated as zero.
<to be read again> 
                   @
l.223 \setlength\parskip{\z@ \@plus .3\p@}
                                          
? 
./iau.cls:223: Illegal unit of measure (pt inserted).
<to be read again> 
                   @
l.223 \setlength\parskip{\z@ \@plus .3\p@}
                                          
? 

./iau.cls:223: LaTeX Error: Missing \begin{document}.

See the LaTeX manual or LaTeX Companion for explanation.
Type  H <return>  for immediate help.
 ...                                              
                                                  
l.223 \setlength\parskip{\z@ \@plus .3\p@}
                                          
? 
Missing character: There is no @ in font nullfont!
Missing character: There is no p in font nullfont!
Missing character: There is no l in font nullfont!
Missing character: There is no u in font nullfont!
Missing character: There is no s in font nullfont!
Missing character: There is no . in font nullfont!
Missing character: There is no 3 in font nullfont!
./iau.cls:223: Undefined control sequence.
<argument> \z @ \@plus .3\p 
                            @
l.223 \setlength\parskip{\z@ \@plus .3\p@}
                                          
? 
Missing character: There is no @ in font nullfont!
./iau.cls:225: Undefined control sequence.
<argument> \z 
              @ \@plus 1\p @
l.225 \setlength\partopsep{\z@ \@plus 1\p@}
                                           
? 
./iau.cls:225: Missing number, treated as zero.
<to be read again> 
                   @
l.225 \setlength\partopsep{\z@ \@plus 1\p@}
                                           
? 
./iau.cls:225: Illegal unit of measure (pt inserted).
<to be read again> 
                   @
l.225 \setlength\partopsep{\z@ \@plus 1\p@}
                                           
? 
Missing character: There is no @ in font nullfont!
Missing character: There is no p in font nullfont!
Missing character: There is no l in font nullfont!
Missing character: There is no u in font nullfont!
Missing character: There is no s in font nullfont!
Missing character: There is no 1 in font nullfont!
./iau.cls:225: Undefined control sequence.
<argument> \z @ \@plus 1\p 
                           @
l.225 \setlength\partopsep{\z@ \@plus 1\p@}
                                           
? 
Missing character: There is no @ in font nullfont!
Missing character: There is no l in font nullfont!
Missing character: There is no o in font nullfont!
Missing character: There is no w in font nullfont!
Missing character: There is no p in font nullfont!
Missing character: There is no e in font nullfont!
Missing character: There is no n in font nullfont!
Missing character: There is no a in font nullfont!
Missing character: There is no l in font nullfont!
Missing character: There is no t in font nullfont!
Missing character: There is no y in font nullfont!
Missing character: There is no 5 in font nullfont!
Missing character: There is no 1 in font nullfont!
Missing character: There is no m in font nullfont!
Missing character: There is no e in font nullfont!
Missing character: There is no d in font nullfont!
Missing character: There is no p in font nullfont!
Missing character: There is no e in font nullfont!
Missing character: There is no n in font nullfont!
Missing character: There is no a in font nullfont!
Missing character: There is no l in font nullfont!
Missing character: There is no t in font nullfont!
Missing character: There is no y in font nullfont!
Missing character: There is no 1 in font nullfont!
Missing character: There is no 5 in font nullfont!
Missing character: There is no 1 in font nullfont!
Missing character: There is no h in font nullfont!
Missing character: There is no i in font nullfont!
Missing character: There is no g in font nullfont!
Missing character: There is no h in font nullfont!
Missing character: There is no p in font nullfont!
Missing character: There is no e in font nullfont!
Missing character: There is no n in font nullfont!
Missing character: There is no a in font nullfont!
Missing character: There is no l in font nullfont!
Missing character: There is no t in font nullfont!
Missing character: There is no y in font nullfont!
Missing character: There is no 3 in font nullfont!
Missing character: There is no 0 in font nullfont!
Missing character: There is no 1 in font nullfont!
Missing character: There is no b in font nullfont!
Missing character: There is no e in font nullfont!
Missing character: There is no g in font nullfont!
Missing character: There is no i in font nullfont!
Missing character: There is no n in font nullfont!
Missing character: There is no p in font nullfont!
Missing character: There is no a in font nullfont!
Missing character: There is no r in font nullfont!
Missing character: There is no p in font nullfont!
Missing character: There is no e in font nullfont!
Missing character: There is no n in font nullfont!
Missing character: There is no a in font nullfont!
Missing character: There is no l in font nullfont!
Missing character: There is no t in font nullfont!
Missing character: There is no y in font nullfont!
Missing character: There is no - in font nullfont!
Missing character: There is no l in font nullfont!
Missing character: There is no o in font nullfont!
Missing character: There is no w in font nullfont!
Missing character: There is no p in font nullfont!
Missing character: There is no e in font nullfont!
Missing character: There is no n in font nullfont!
Missing character: There is no a in font nullfont!
Missing character: There is no l in font nullfont!
Missing character: There is no t in font nullfont!
Missing character: There is no y in font nullfont!
Missing character: There is no e in font nullfont!
Missing character: There is no n in font nullfont!
Missing character: There is no d in font nullfont!
Missing character: There is no p in font nullfont!
Missing character: There is no a in font nullfont!
Missing character: There is no r in font nullfont!
Missing character: There is no p in font nullfont!
Missing character: There is no e in font nullfont!
Missing character: There is no n in font nullfont!
Missing character: There is no a in font nullfont!
Missing character: There is no l in font nullfont!
Missing character: There is no t in font nullfont!
Missing character: There is no y in font nullfont!
Missing character: There is no - in font nullfont!
Missing character: There is no l in font nullfont!
Missing character: There is no o in font nullfont!
Missing character: There is no w in font nullfont!
Missing character: There is no p in font nullfont!
Missing character: There is no e in font nullfont!
Missing character: There is no n in font nullfont!
Missing character: There is no a in font nullfont!
Missing character: There is no l in font nullfont!
Missing character: There is no t in font nullfont!
Missing character: There is no y in font nullfont!
Missing character: There is no i in font nullfont!
Missing character: There is no t in font nullfont!
Missing character: There is no e in font nullfont!
Missing character: There is no m in font nullfont!
Missing character: There is no p in font nullfont!
Missing character: There is no e in font nullfont!
Missing character: There is no n in font nullfont!
Missing character: There is no a in font nullfont!
Missing character: There is no l in font nullfont!
Missing character: There is no t in font nullfont!
Missing character: There is no y in font nullfont!
Missing character: There is no - in font nullfont!
Missing character: There is no l in font nullfont!
Missing character: There is no o in font nullfont!
Missing character: There is no w in font nullfont!
Missing character: There is no p in font nullfont!
Missing character: There is no e in font nullfont!
Missing character: There is no n in font nullfont!
Missing character: There is no a in font nullfont!
Missing character: There is no l in font nullfont!
Missing character: There is no t in font nullfont!
Missing character: There is no y in font nullfont!
./iau.cls:232: Undefined control sequence.
l.232 \clubpenalty\z
                    @
? 
./iau.cls:232: Missing number, treated as zero.
<to be read again> 
                   @
l.232 \clubpenalty\z@
                     
? 
Missing character: There is no @ in font nullfont!
./iau.cls:233: Missing $ inserted.
<inserted text> 
                $
l.233 \widowpenalty\@
                     M
? 
Runaway argument?
@nnil ifx external@font @empty @latex@error {Font expandafter string ETC.
./iau.cls:234: Paragraph ended before reserved@f was complete.
<to be read again> 
                   par 
l.234 
      
? 
./iau.cls:234: Missing $ inserted.
<inserted text> 
                $
l.234 
      
? 
./iau.cls:234: Missing endgroup inserted.
<inserted text> 
                endgroup 
l.234 
      
? 
./iau.cls:234: Missing endgroup inserted.
<inserted text> 
                endgroup 
l.234 
      
? 
./iau.cls:234: Math formula deleted: Insufficient symbol fonts.
<recently read> $
                 
l.234 
      
? 

Overfull \hbox (20.0pt too wide) in paragraph at lines 223--234
[]
 []


./iau.cls:261: LaTeX Error: Command \@ already defined.
               Or name \end... illegal, see p.192 of the manual.

See the LaTeX manual or LaTeX Companion for explanation.
Type  H <return>  for immediate help.
 ...                                              
                                                  
l.261 \newcommand\@r
                    aggedright{\rightskip=\@flushglue \let\\=\@centercr
? 

./iau.cls:261: LaTeX Error: Missing \begin{document}.

See the LaTeX manual or LaTeX Companion for explanation.
Type  H <return>  for immediate help.
 ...                                              
                                                  
l.261 \newcommand\@ra
                     ggedright{\rightskip=\@flushglue \let\\=\@centercr
? 
Missing character: There is no a in font nullfont!
Missing character: There is no g in font nullfont!
Missing character: There is no g in font nullfont!
Missing character: There is no e in font nullfont!
Missing character: There is no d in font nullfont!
Missing character: There is no r in font nullfont!
Missing character: There is no i in font nullfont!
Missing character: There is no g in font nullfont!
Missing character: There is no h in font nullfont!
Missing character: There is no t in font nullfont!
./iau.cls:261: Use of \@ doesn't match its definition.
l.261 \newcommand\@raggedright{\rightskip=\@f
                                             lushglue \let\\=\@centercr
? 
./iau.cls:261: Missing number, treated as zero.
<to be read again> 
                   l
l.261 \newcommand\@raggedright{\rightskip=\@fl
                                              ushglue \let\\=\@centercr
? 
./iau.cls:261: Illegal unit of measure (pt inserted).
<to be read again> 
                   l
l.261 \newcommand\@raggedright{\rightskip=\@fl
                                              ushglue \let\\=\@centercr
? 
Missing character: There is no l in font nullfont!
Missing character: There is no u in font nullfont!
Missing character: There is no s in font nullfont!
Missing character: There is no h in font nullfont!
Missing character: There is no g in font nullfont!
Missing character: There is no l in font nullfont!
Missing character: There is no u in font nullfont!
Missing character: There is no e in font nullfont!
Missing character: There is no c in font nullfont!
Missing character: There is no e in font nullfont!
Missing character: There is no n in font nullfont!
Missing character: There is no t in font nullfont!
Missing character: There is no e in font nullfont!
Missing character: There is no r in font nullfont!
Missing character: There is no c in font nullfont!
Missing character: There is no r in font nullfont!
./iau.cls:262: Undefined control sequence.
l.262   \parindent\z
                    @}
? 
./iau.cls:262: Missing number, treated as zero.
<to be read again> 
                   @
l.262   \parindent\z@
                     }
? 
./iau.cls:262: Illegal unit of measure (pt inserted).
<to be read again> 
                   @
l.262   \parindent\z@
                     }
? 
Missing character: There is no @ in font nullfont!

./iau.cls:263: LaTeX Error: Command \@ already defined.
               Or name \end... illegal, see p.192 of the manual.

See the LaTeX manual or LaTeX Companion for explanation.
Type  H <return>  for immediate help.
 ...                                              
                                                  
l.263 \newcommand\@r
                    aggedcenter{\centering\rightskip=\@flushglue
? 
Missing character: There is no a in font nullfont!
Missing character: There is no g in font nullfont!
Missing character: There is no g in font nullfont!
Missing character: There is no e in font nullfont!
Missing character: There is no d in font nullfont!
Missing character: There is no c in font nullfont!
Missing character: There is no e in font nullfont!
Missing character: There is no n in font nullfont!
Missing character: There is no t in font nullfont!
Missing character: There is no e in font nullfont!
Missing character: There is no r in font nullfont!
./iau.cls:263: Use of \@ doesn't match its definition.
l.263 ...nd\@raggedcenter{\centering\rightskip=\@f
                                                  lushglue
? 
./iau.cls:263: Missing number, treated as zero.
<to be read again> 
                   l
l.263 ...d\@raggedcenter{\centering\rightskip=\@fl
                                                  ushglue
? 
./iau.cls:263: Illegal unit of measure (pt inserted).
<to be read again> 
                   l
l.263 ...d\@raggedcenter{\centering\rightskip=\@fl
                                                  ushglue
? 
Missing character: There is no l in font nullfont!
Missing character: There is no u in font nullfont!
Missing character: There is no s in font nullfont!
Missing character: There is no h in font nullfont!
Missing character: There is no g in font nullfont!
Missing character: There is no l in font nullfont!
Missing character: There is no u in font nullfont!
Missing character: There is no e in font nullfont!
Missing character: There is no c in font nullfont!
Missing character: There is no e in font nullfont!
Missing character: There is no n in font nullfont!
Missing character: There is no t in font nullfont!
Missing character: There is no e in font nullfont!
Missing character: There is no r in font nullfont!
Missing character: There is no c in font nullfont!
Missing character: There is no r in font nullfont!

./iau.cls:266: LaTeX Error: Missing \begin{document}.

See the LaTeX manual or LaTeX Companion for explanation.
Type  H <return>  for immediate help.
 ...                                              
                                                  
l.266 \newif\ifno@
                  eqnreset
? 
Missing character: There is no @ in font nullfont!
Missing character: There is no e in font nullfont!
Missing character: There is no q in font nullfont!
Missing character: There is no n in font nullfont!
Missing character: There is no r in font nullfont!
Missing character: There is no e in font nullfont!
Missing character: There is no s in font nullfont!
Missing character: There is no e in font nullfont!
Missing character: There is no t in font nullfont!
\c@part=\count80
\c@section=\count81
\c@subsection=\count82
\c@subsubsection=\count83
\c@paragraph=\count84

./iau.cls:400: LaTeX Error: Command \@ already defined.
               Or name \end... illegal, see p.192 of the manual.

See the LaTeX manual or LaTeX Companion for explanation.
Type  H <return>  for immediate help.
 ...                                              
                                                  
l.400 \newlength\@
                  indentskip
? 

./iau.cls:400: LaTeX Error: Missing \begin{document}.

See the LaTeX manual or LaTeX Companion for explanation.
Type  H <return>  for immediate help.
 ...                                              
                                                  
l.400 \newlength\@i
                   ndentskip
? 
Missing character: There is no i in font nullfont!
Missing character: There is no n in font nullfont!
Missing character: There is no d in font nullfont!
Missing character: There is no e in font nullfont!
Missing character: There is no n in font nullfont!
Missing character: There is no t in font nullfont!
Missing character: There is no s in font nullfont!
Missing character: There is no k in font nullfont!
Missing character: There is no i in font nullfont!
Missing character: There is no p in font nullfont!
\smallindent=\skip43

./iau.cls:402: LaTeX Error: Command \@ already defined.
               Or name \end... illegal, see p.192 of the manual.

See the LaTeX manual or LaTeX Companion for explanation.
Type  H <return>  for immediate help.
 ...                                              
                                                  
l.402 \newlength\@
                  footindent
? 
Missing character: There is no f in font nullfont!
Missing character: There is no o in font nullfont!
Missing character: There is no o in font nullfont!
Missing character: There is no t in font nullfont!
Missing character: There is no i in font nullfont!
Missing character: There is no n in font nullfont!
Missing character: There is no d in font nullfont!
Missing character: There is no e in font nullfont!
Missing character: There is no n in font nullfont!
Missing character: There is no t in font nullfont!
\footheight=\skip44

./iau.cls:404: LaTeX Error: Command \@ already defined.
               Or name \end... illegal, see p.192 of the manual.

See the LaTeX manual or LaTeX Companion for explanation.
Type  H <return>  for immediate help.
 ...                                              
                                                  
l.404 \newlength\@
                  leftskip
? 
Missing character: There is no l in font nullfont!
Missing character: There is no e in font nullfont!
Missing character: There is no f in font nullfont!
Missing character: There is no t in font nullfont!
Missing character: There is no s in font nullfont!
Missing character: There is no k in font nullfont!
Missing character: There is no i in font nullfont!
Missing character: There is no p in font nullfont!
./iau.cls:405: Use of \@ doesn't match its definition.
\setlength #1#2->#1 
                    #2\relax 
l.405 \setlength\@i
                   ndentskip{2.5em}
? 
Missing character: There is no i in font nullfont!
Missing character: There is no n in font nullfont!
Missing character: There is no d in font nullfont!
Missing character: There is no e in font nullfont!
Missing character: There is no n in font nullfont!
Missing character: There is no t in font nullfont!
Missing character: There is no s in font nullfont!
Missing character: There is no k in font nullfont!
Missing character: There is no i in font nullfont!
Missing character: There is no p in font nullfont!
Missing character: There is no 2 in font nullfont!
Missing character: There is no . in font nullfont!
Missing character: There is no 5 in font nullfont!
Missing character: There is no e in font nullfont!
Missing character: There is no m in font nullfont!
./iau.cls:407: Use of \@ doesn't match its definition.
\setlength #1#2->#1 
                    #2\relax 
l.407 \setlength\@f
                   ootindent{\smallindent}
? 
Missing character: There is no f in font nullfont!
Missing character: There is no o in font nullfont!
Missing character: There is no o in font nullfont!
Missing character: There is no t in font nullfont!
Missing character: There is no i in font nullfont!
Missing character: There is no n in font nullfont!
Missing character: There is no d in font nullfont!
Missing character: There is no e in font nullfont!
Missing character: There is no n in font nullfont!
Missing character: There is no t in font nullfont!
./iau.cls:407: Missing number, treated as zero.
<to be read again> 
                   }
l.407 \setlength\@footindent{\smallindent}
                                          
? 
./iau.cls:407: Illegal unit of measure (pt inserted).
<to be read again> 
                   }
l.407 \setlength\@footindent{\smallindent}
                                          
? 
./iau.cls:408: Use of \@ doesn't match its definition.
\setlength #1#2->#1 
                    #2\relax 
l.408 \setlength\@l
                   eftskip{\z@}
? 
Missing character: There is no l in font nullfont!
Missing character: There is no e in font nullfont!
Missing character: There is no f in font nullfont!
Missing character: There is no t in font nullfont!
Missing character: There is no s in font nullfont!
Missing character: There is no k in font nullfont!
Missing character: There is no i in font nullfont!
Missing character: There is no p in font nullfont!
./iau.cls:408: Undefined control sequence.
l.408 \setlength\@leftskip{\z
                             @}
? 
Missing character: There is no @ in font nullfont!
./iau.cls:410: Undefined control sequence.
<argument> \z 
              @
l.410 \setlength\leftmargini{\z@}
                                 
? 
./iau.cls:410: Missing number, treated as zero.
<to be read again> 
                   @
l.410 \setlength\leftmargini{\z@}
                                 
? 
./iau.cls:410: Illegal unit of measure (pt inserted).
<to be read again> 
                   @
l.410 \setlength\leftmargini{\z@}
                                 
? 

./iau.cls:410: LaTeX Error: Missing \begin{document}.

See the LaTeX manual or LaTeX Companion for explanation.
Type  H <return>  for immediate help.
 ...                                              
                                                  
l.410 \setlength\leftmargini{\z@}
                                 
? 
Missing character: There is no @ in font nullfont!
./iau.cls:411: Undefined control sequence.
<argument> \z 
              @
l.411 \setlength\labelsep{\z@}
                              
? 
./iau.cls:411: Missing number, treated as zero.
<to be read again> 
                   @
l.411 \setlength\labelsep{\z@}
                              
? 
./iau.cls:411: Illegal unit of measure (pt inserted).
<to be read again> 
                   @
l.411 \setlength\labelsep{\z@}
                              
? 
Missing character: There is no @ in font nullfont!
./iau.cls:412: Undefined control sequence.
<argument> \z 
              @
l.412 \setlength\labelwidth{\z@}
                                
? 
./iau.cls:412: Missing number, treated as zero.
<to be read again> 
                   @
l.412 \setlength\labelwidth{\z@}
                                
? 
./iau.cls:412: Illegal unit of measure (pt inserted).
<to be read again> 
                   @
l.412 \setlength\labelwidth{\z@}
                                
? 
Missing character: There is no @ in font nullfont!
./iau.cls:424: Use of \@ doesn't match its definition.
l.424 \@listi
             
? 

./iau.cls:470: LaTeX Error: Command \p undefined.

See the LaTeX manual or LaTeX Companion for explanation.
Type  H <return>  for immediate help.
 ...                                              
                                                  
l.470 \renewcommand\p
                     @enumii{\theenumi.}
? 

./iau.cls:470: LaTeX Error: Missing \begin{document}.

See the LaTeX manual or LaTeX Companion for explanation.
Type  H <return>  for immediate help.
 ...                                              
                                                  
l.470 \renewcommand\p@e
                       numii{\theenumi.}
? 
Missing character: There is no e in font nullfont!
Missing character: There is no n in font nullfont!
Missing character: There is no u in font nullfont!
Missing character: There is no m in font nullfont!
Missing character: There is no i in font nullfont!
Missing character: There is no i in font nullfont!
./iau.cls:470: Argument of reserved@f has an extra }.
<inserted text> 
                par 
l.470 \renewcommand\p@enumii{\theenumi
                                      .}
? 
Runaway argument?
@nnil ifx external@font @empty @latex@error {Font expandafter string ETC.
./iau.cls:470: Paragraph ended before reserved@f was complete.
<to be read again> 
                   par 
l.470 \renewcommand\p@enumii{\theenumi
                                      .}
? 
./iau.cls:470: Extra }, or forgotten endgroup.
<recently read> }
                 
l.470 \renewcommand\p@enumii{\theenumi
                                      .}
? 

./iau.cls:470: LaTeX Error: Missing begin{document}.

See the LaTeX manual or LaTeX Companion for explanation.
Type  H <return>  for immediate help.
 ...                                              
                                                  
l.470 \renewcommand\p@enumii{\theenumi.
                                       }
? 
Missing character: There is no . in font nullfont!
./iau.cls:470: Extra }, or forgotten endgroup.
l.470 \renewcommand\p@enumii{\theenumi.}
                                        
? 
Missing character: There is no e in font nullfont!
Missing character: There is no n in font nullfont!
Missing character: There is no u in font nullfont!
Missing character: There is no m in font nullfont!
Missing character: There is no i in font nullfont!
Missing character: There is no i in font nullfont!
Missing character: There is no i in font nullfont!
Missing character: There is no @ in font nullfont!
Missing character: There is no @ in font nullfont!
Missing character: There is no e in font nullfont!
Missing character: There is no n in font nullfont!
Missing character: There is no u in font nullfont!
Missing character: There is no m in font nullfont!
Missing character: There is no i in font nullfont!
Missing character: There is no i in font nullfont!
./iau.cls:471: Argument of reserved@f has an extra }.
<inserted text> 
                par 
l.471 \renewcommand\p@enumiii{\p@enumii\theenumii
                                                 .}
? 
Runaway argument?
@nnil ifx external@font @empty @latex@error {Font expandafter string ETC.
./iau.cls:471: Paragraph ended before reserved@f was complete.
<to be read again> 
                   par 
l.471 \renewcommand\p@enumiii{\p@enumii\theenumii
                                                 .}
? 
./iau.cls:471: Extra }, or forgotten endgroup.
<recently read> }
                 
l.471 \renewcommand\p@enumiii{\p@enumii\theenumii
                                                 .}
? 

./iau.cls:471: LaTeX Error: Missing begin{document}.

See the LaTeX manual or LaTeX Companion for explanation.
Type  H <return>  for immediate help.
 ...                    